{ level: 'error',
  message:
   { Error: ER_DUP_ENTRY: Duplicate entry 'exilonmlol@gmail.com' for key 'email'
       at Query.Sequence._packetToError (F:\Escritorio\proyectoFinCicloDAW-RamirezJimenezAlejandro\aplicacion\mysql-nodejs-rest-api-master\node_modules\mysql\lib\protocol\sequences\Sequence.js:47:14)
       at Query.ErrorPacket (F:\Escritorio\proyectoFinCicloDAW-RamirezJimenezAlejandro\aplicacion\mysql-nodejs-rest-api-master\node_modules\mysql\lib\protocol\sequences\Query.js:77:18)
       at Protocol._parsePacket (F:\Escritorio\proyectoFinCicloDAW-RamirezJimenezAlejandro\aplicacion\mysql-nodejs-rest-api-master\node_modules\mysql\lib\protocol\Protocol.js:291:23)
       at Parser._parsePacket (F:\Escritorio\proyectoFinCicloDAW-RamirezJimenezAlejandro\aplicacion\mysql-nodejs-rest-api-master\node_modules\mysql\lib\protocol\Parser.js:433:10)
       at Parser.write (F:\Escritorio\proyectoFinCicloDAW-RamirezJimenezAlejandro\aplicacion\mysql-nodejs-rest-api-master\node_modules\mysql\lib\protocol\Parser.js:43:10)
       at Protocol.write (F:\Escritorio\proyectoFinCicloDAW-RamirezJimenezAlejandro\aplicacion\mysql-nodejs-rest-api-master\node_modules\mysql\lib\protocol\Protocol.js:38:16)
       at Socket.<anonymous> (F:\Escritorio\proyectoFinCicloDAW-RamirezJimenezAlejandro\aplicacion\mysql-nodejs-rest-api-master\node_modules\mysql\lib\Connection.js:91:28)
       at Socket.<anonymous> (F:\Escritorio\proyectoFinCicloDAW-RamirezJimenezAlejandro\aplicacion\mysql-nodejs-rest-api-master\node_modules\mysql\lib\Connection.js:525:10)
       at Socket.emit (events.js:189:13)
       at addChunk (_stream_readable.js:284:12)
       --------------------
       at Protocol._enqueue (F:\Escritorio\proyectoFinCicloDAW-RamirezJimenezAlejandro\aplicacion\mysql-nodejs-rest-api-master\node_modules\mysql\lib\protocol\Protocol.js:144:48)
       at Connection.query (F:\Escritorio\proyectoFinCicloDAW-RamirezJimenezAlejandro\aplicacion\mysql-nodejs-rest-api-master\node_modules\mysql\lib\Connection.js:201:25)
       at QueryController.ejecutaConsulta (F:\Escritorio\proyectoFinCicloDAW-RamirezJimenezAlejandro\aplicacion\mysql-nodejs-rest-api-master\src\controllers\queryController.js:24:25)
       at router.post (F:\Escritorio\proyectoFinCicloDAW-RamirezJimenezAlejandro\aplicacion\mysql-nodejs-rest-api-master\src\routes\usuarios.js:53:18)
       at Layer.handle [as handle_request] (F:\Escritorio\proyectoFinCicloDAW-RamirezJimenezAlejandro\aplicacion\mysql-nodejs-rest-api-master\node_modules\express\lib\router\layer.js:95:5)
       at next (F:\Escritorio\proyectoFinCicloDAW-RamirezJimenezAlejandro\aplicacion\mysql-nodejs-rest-api-master\node_modules\express\lib\router\route.js:137:13)
       at Object.<anonymous> (F:\Escritorio\proyectoFinCicloDAW-RamirezJimenezAlejandro\aplicacion\mysql-nodejs-rest-api-master\node_modules\express-validator\src\middlewares\check.js:23:13)
       at Generator.next (<anonymous>)
       at fulfilled (F:\Escritorio\proyectoFinCicloDAW-RamirezJimenezAlejandro\aplicacion\mysql-nodejs-rest-api-master\node_modules\express-validator\src\middlewares\check.js:4:58)
       at process._tickCallback (internal/process/next_tick.js:68:7)
     code: 'ER_DUP_ENTRY',
     errno: 1062,
     sqlMessage: 'Duplicate entry \'exilonmlol@gmail.com\' for key \'email\'',
     sqlState: '23000',
     index: 0,
     sql:
      'INSERT INTO users (name,email,password,confirmado) VALUES(\'awdawdawd\',\'exilonmlol@gmail.com\',\'47d510d858c618de3e49a889680317e698d2dd1881ce5867f364484610562808\',\'oalzoutl6htx1krbtnmlih\')' },
  Componente: 'Query Controller',
  timestamp: '2019-09-21T16:18:29.532Z' }
{ level: 'error',
  message:
   { Error: ER_DUP_ENTRY: Duplicate entry 'exilonmlol@gmail.com' for key 'email'
       at Query.Sequence._packetToError (F:\Escritorio\proyectoFinCicloDAW-RamirezJimenezAlejandro\aplicacion\mysql-nodejs-rest-api-master\node_modules\mysql\lib\protocol\sequences\Sequence.js:47:14)
       at Query.ErrorPacket (F:\Escritorio\proyectoFinCicloDAW-RamirezJimenezAlejandro\aplicacion\mysql-nodejs-rest-api-master\node_modules\mysql\lib\protocol\sequences\Query.js:77:18)
       at Protocol._parsePacket (F:\Escritorio\proyectoFinCicloDAW-RamirezJimenezAlejandro\aplicacion\mysql-nodejs-rest-api-master\node_modules\mysql\lib\protocol\Protocol.js:291:23)
       at Parser._parsePacket (F:\Escritorio\proyectoFinCicloDAW-RamirezJimenezAlejandro\aplicacion\mysql-nodejs-rest-api-master\node_modules\mysql\lib\protocol\Parser.js:433:10)
       at Parser.write (F:\Escritorio\proyectoFinCicloDAW-RamirezJimenezAlejandro\aplicacion\mysql-nodejs-rest-api-master\node_modules\mysql\lib\protocol\Parser.js:43:10)
       at Protocol.write (F:\Escritorio\proyectoFinCicloDAW-RamirezJimenezAlejandro\aplicacion\mysql-nodejs-rest-api-master\node_modules\mysql\lib\protocol\Protocol.js:38:16)
       at Socket.<anonymous> (F:\Escritorio\proyectoFinCicloDAW-RamirezJimenezAlejandro\aplicacion\mysql-nodejs-rest-api-master\node_modules\mysql\lib\Connection.js:91:28)
       at Socket.<anonymous> (F:\Escritorio\proyectoFinCicloDAW-RamirezJimenezAlejandro\aplicacion\mysql-nodejs-rest-api-master\node_modules\mysql\lib\Connection.js:525:10)
       at Socket.emit (events.js:189:13)
       at addChunk (_stream_readable.js:284:12)
       --------------------
       at Protocol._enqueue (F:\Escritorio\proyectoFinCicloDAW-RamirezJimenezAlejandro\aplicacion\mysql-nodejs-rest-api-master\node_modules\mysql\lib\protocol\Protocol.js:144:48)
       at Connection.query (F:\Escritorio\proyectoFinCicloDAW-RamirezJimenezAlejandro\aplicacion\mysql-nodejs-rest-api-master\node_modules\mysql\lib\Connection.js:201:25)
       at QueryController.ejecutaConsulta (F:\Escritorio\proyectoFinCicloDAW-RamirezJimenezAlejandro\aplicacion\mysql-nodejs-rest-api-master\src\controllers\queryController.js:24:25)
       at router.post (F:\Escritorio\proyectoFinCicloDAW-RamirezJimenezAlejandro\aplicacion\mysql-nodejs-rest-api-master\src\routes\usuarios.js:53:18)
       at Layer.handle [as handle_request] (F:\Escritorio\proyectoFinCicloDAW-RamirezJimenezAlejandro\aplicacion\mysql-nodejs-rest-api-master\node_modules\express\lib\router\layer.js:95:5)
       at next (F:\Escritorio\proyectoFinCicloDAW-RamirezJimenezAlejandro\aplicacion\mysql-nodejs-rest-api-master\node_modules\express\lib\router\route.js:137:13)
       at Object.<anonymous> (F:\Escritorio\proyectoFinCicloDAW-RamirezJimenezAlejandro\aplicacion\mysql-nodejs-rest-api-master\node_modules\express-validator\src\middlewares\check.js:23:13)
       at Generator.next (<anonymous>)
       at fulfilled (F:\Escritorio\proyectoFinCicloDAW-RamirezJimenezAlejandro\aplicacion\mysql-nodejs-rest-api-master\node_modules\express-validator\src\middlewares\check.js:4:58)
       at process._tickCallback (internal/process/next_tick.js:68:7)
     code: 'ER_DUP_ENTRY',
     errno: 1062,
     sqlMessage: 'Duplicate entry \'exilonmlol@gmail.com\' for key \'email\'',
     sqlState: '23000',
     index: 0,
     sql:
      'INSERT INTO users (name,email,password,confirmado) VALUES(\'awdawdawd\',\'exilonmlol@gmail.com\',\'47d510d858c618de3e49a889680317e698d2dd1881ce5867f364484610562808\',\'9hy4uv6e3takiuo2xht9a\')' },
  Componente: 'Query Controller',
  timestamp: '2019-09-21T16:21:56.380Z' }
{ level: 'error',
  message:
   { Error: ER_DUP_ENTRY: Duplicate entry 'usuarioprueba@gmail.com' for key 'email'
       at Query.Sequence._packetToError (F:\Escritorio\proyectoFinCicloDAW-RamirezJimenezAlejandro\aplicacion\mysql-nodejs-rest-api-master\node_modules\mysql\lib\protocol\sequences\Sequence.js:47:14)
       at Query.ErrorPacket (F:\Escritorio\proyectoFinCicloDAW-RamirezJimenezAlejandro\aplicacion\mysql-nodejs-rest-api-master\node_modules\mysql\lib\protocol\sequences\Query.js:77:18)
       at Protocol._parsePacket (F:\Escritorio\proyectoFinCicloDAW-RamirezJimenezAlejandro\aplicacion\mysql-nodejs-rest-api-master\node_modules\mysql\lib\protocol\Protocol.js:291:23)
       at Parser._parsePacket (F:\Escritorio\proyectoFinCicloDAW-RamirezJimenezAlejandro\aplicacion\mysql-nodejs-rest-api-master\node_modules\mysql\lib\protocol\Parser.js:433:10)
       at Parser.write (F:\Escritorio\proyectoFinCicloDAW-RamirezJimenezAlejandro\aplicacion\mysql-nodejs-rest-api-master\node_modules\mysql\lib\protocol\Parser.js:43:10)
       at Protocol.write (F:\Escritorio\proyectoFinCicloDAW-RamirezJimenezAlejandro\aplicacion\mysql-nodejs-rest-api-master\node_modules\mysql\lib\protocol\Protocol.js:38:16)
       at Socket.<anonymous> (F:\Escritorio\proyectoFinCicloDAW-RamirezJimenezAlejandro\aplicacion\mysql-nodejs-rest-api-master\node_modules\mysql\lib\Connection.js:91:28)
       at Socket.<anonymous> (F:\Escritorio\proyectoFinCicloDAW-RamirezJimenezAlejandro\aplicacion\mysql-nodejs-rest-api-master\node_modules\mysql\lib\Connection.js:525:10)
       at Socket.emit (events.js:189:13)
       at addChunk (_stream_readable.js:284:12)
       --------------------
       at Protocol._enqueue (F:\Escritorio\proyectoFinCicloDAW-RamirezJimenezAlejandro\aplicacion\mysql-nodejs-rest-api-master\node_modules\mysql\lib\protocol\Protocol.js:144:48)
       at Connection.query (F:\Escritorio\proyectoFinCicloDAW-RamirezJimenezAlejandro\aplicacion\mysql-nodejs-rest-api-master\node_modules\mysql\lib\Connection.js:201:25)
       at QueryController.ejecutaConsulta (F:\Escritorio\proyectoFinCicloDAW-RamirezJimenezAlejandro\aplicacion\mysql-nodejs-rest-api-master\src\controllers\queryController.js:24:25)
       at router.post (F:\Escritorio\proyectoFinCicloDAW-RamirezJimenezAlejandro\aplicacion\mysql-nodejs-rest-api-master\src\routes\usuarios.js:53:18)
       at Layer.handle [as handle_request] (F:\Escritorio\proyectoFinCicloDAW-RamirezJimenezAlejandro\aplicacion\mysql-nodejs-rest-api-master\node_modules\express\lib\router\layer.js:95:5)
       at next (F:\Escritorio\proyectoFinCicloDAW-RamirezJimenezAlejandro\aplicacion\mysql-nodejs-rest-api-master\node_modules\express\lib\router\route.js:137:13)
       at Object.<anonymous> (F:\Escritorio\proyectoFinCicloDAW-RamirezJimenezAlejandro\aplicacion\mysql-nodejs-rest-api-master\node_modules\express-validator\src\middlewares\check.js:23:13)
       at Generator.next (<anonymous>)
       at fulfilled (F:\Escritorio\proyectoFinCicloDAW-RamirezJimenezAlejandro\aplicacion\mysql-nodejs-rest-api-master\node_modules\express-validator\src\middlewares\check.js:4:58)
       at process._tickCallback (internal/process/next_tick.js:68:7)
     code: 'ER_DUP_ENTRY',
     errno: 1062,
     sqlMessage:
      'Duplicate entry \'usuarioprueba@gmail.com\' for key \'email\'',
     sqlState: '23000',
     index: 0,
     sql:
      'INSERT INTO users (name,email,password,confirmado) VALUES(\'usuarioPrueba\',\'usuarioprueba@gmail.com\',\'47d510d858c618de3e49a889680317e698d2dd1881ce5867f364484610562808\',\'sarvgnxcycl9voy0tqhtj5\')' },
  Componente: 'Query Controller',
  timestamp: '2019-09-21T16:41:46.882Z' }
{ level: 'error',
  message:
   { Error: ER_DUP_ENTRY: Duplicate entry 'usuarioprueba@gmail.com' for key 'email'
       at Query.Sequence._packetToError (F:\Escritorio\proyectoFinCicloDAW-RamirezJimenezAlejandro\aplicacion\mysql-nodejs-rest-api-master\node_modules\mysql\lib\protocol\sequences\Sequence.js:47:14)
       at Query.ErrorPacket (F:\Escritorio\proyectoFinCicloDAW-RamirezJimenezAlejandro\aplicacion\mysql-nodejs-rest-api-master\node_modules\mysql\lib\protocol\sequences\Query.js:77:18)
       at Protocol._parsePacket (F:\Escritorio\proyectoFinCicloDAW-RamirezJimenezAlejandro\aplicacion\mysql-nodejs-rest-api-master\node_modules\mysql\lib\protocol\Protocol.js:291:23)
       at Parser._parsePacket (F:\Escritorio\proyectoFinCicloDAW-RamirezJimenezAlejandro\aplicacion\mysql-nodejs-rest-api-master\node_modules\mysql\lib\protocol\Parser.js:433:10)
       at Parser.write (F:\Escritorio\proyectoFinCicloDAW-RamirezJimenezAlejandro\aplicacion\mysql-nodejs-rest-api-master\node_modules\mysql\lib\protocol\Parser.js:43:10)
       at Protocol.write (F:\Escritorio\proyectoFinCicloDAW-RamirezJimenezAlejandro\aplicacion\mysql-nodejs-rest-api-master\node_modules\mysql\lib\protocol\Protocol.js:38:16)
       at Socket.<anonymous> (F:\Escritorio\proyectoFinCicloDAW-RamirezJimenezAlejandro\aplicacion\mysql-nodejs-rest-api-master\node_modules\mysql\lib\Connection.js:91:28)
       at Socket.<anonymous> (F:\Escritorio\proyectoFinCicloDAW-RamirezJimenezAlejandro\aplicacion\mysql-nodejs-rest-api-master\node_modules\mysql\lib\Connection.js:525:10)
       at Socket.emit (events.js:189:13)
       at addChunk (_stream_readable.js:284:12)
       --------------------
       at Protocol._enqueue (F:\Escritorio\proyectoFinCicloDAW-RamirezJimenezAlejandro\aplicacion\mysql-nodejs-rest-api-master\node_modules\mysql\lib\protocol\Protocol.js:144:48)
       at Connection.query (F:\Escritorio\proyectoFinCicloDAW-RamirezJimenezAlejandro\aplicacion\mysql-nodejs-rest-api-master\node_modules\mysql\lib\Connection.js:201:25)
       at QueryController.ejecutaConsulta (F:\Escritorio\proyectoFinCicloDAW-RamirezJimenezAlejandro\aplicacion\mysql-nodejs-rest-api-master\src\controllers\queryController.js:24:25)
       at router.post (F:\Escritorio\proyectoFinCicloDAW-RamirezJimenezAlejandro\aplicacion\mysql-nodejs-rest-api-master\src\routes\usuarios.js:53:18)
       at Layer.handle [as handle_request] (F:\Escritorio\proyectoFinCicloDAW-RamirezJimenezAlejandro\aplicacion\mysql-nodejs-rest-api-master\node_modules\express\lib\router\layer.js:95:5)
       at next (F:\Escritorio\proyectoFinCicloDAW-RamirezJimenezAlejandro\aplicacion\mysql-nodejs-rest-api-master\node_modules\express\lib\router\route.js:137:13)
       at Object.<anonymous> (F:\Escritorio\proyectoFinCicloDAW-RamirezJimenezAlejandro\aplicacion\mysql-nodejs-rest-api-master\node_modules\express-validator\src\middlewares\check.js:23:13)
       at Generator.next (<anonymous>)
       at fulfilled (F:\Escritorio\proyectoFinCicloDAW-RamirezJimenezAlejandro\aplicacion\mysql-nodejs-rest-api-master\node_modules\express-validator\src\middlewares\check.js:4:58)
       at process._tickCallback (internal/process/next_tick.js:68:7)
     code: 'ER_DUP_ENTRY',
     errno: 1062,
     sqlMessage:
      'Duplicate entry \'usuarioprueba@gmail.com\' for key \'email\'',
     sqlState: '23000',
     index: 0,
     sql:
      'INSERT INTO users (name,email,password,confirmado) VALUES(\'usuarioPrueba\',\'usuarioprueba@gmail.com\',\'47d510d858c618de3e49a889680317e698d2dd1881ce5867f364484610562808\',\'kmxhtipjywjz6srd8gmy\')' },
  Componente: 'Query Controller',
  timestamp: '2019-09-21T16:42:19.605Z' }
{ level: 'error',
  message:
   { Error: ER_DUP_ENTRY: Duplicate entry 'usuarioprueba@gmail.com' for key 'email'
       at Query.Sequence._packetToError (F:\Escritorio\proyectoFinCicloDAW-RamirezJimenezAlejandro\aplicacion\mysql-nodejs-rest-api-master\node_modules\mysql\lib\protocol\sequences\Sequence.js:47:14)
       at Query.ErrorPacket (F:\Escritorio\proyectoFinCicloDAW-RamirezJimenezAlejandro\aplicacion\mysql-nodejs-rest-api-master\node_modules\mysql\lib\protocol\sequences\Query.js:77:18)
       at Protocol._parsePacket (F:\Escritorio\proyectoFinCicloDAW-RamirezJimenezAlejandro\aplicacion\mysql-nodejs-rest-api-master\node_modules\mysql\lib\protocol\Protocol.js:291:23)
       at Parser._parsePacket (F:\Escritorio\proyectoFinCicloDAW-RamirezJimenezAlejandro\aplicacion\mysql-nodejs-rest-api-master\node_modules\mysql\lib\protocol\Parser.js:433:10)
       at Parser.write (F:\Escritorio\proyectoFinCicloDAW-RamirezJimenezAlejandro\aplicacion\mysql-nodejs-rest-api-master\node_modules\mysql\lib\protocol\Parser.js:43:10)
       at Protocol.write (F:\Escritorio\proyectoFinCicloDAW-RamirezJimenezAlejandro\aplicacion\mysql-nodejs-rest-api-master\node_modules\mysql\lib\protocol\Protocol.js:38:16)
       at Socket.<anonymous> (F:\Escritorio\proyectoFinCicloDAW-RamirezJimenezAlejandro\aplicacion\mysql-nodejs-rest-api-master\node_modules\mysql\lib\Connection.js:91:28)
       at Socket.<anonymous> (F:\Escritorio\proyectoFinCicloDAW-RamirezJimenezAlejandro\aplicacion\mysql-nodejs-rest-api-master\node_modules\mysql\lib\Connection.js:525:10)
       at Socket.emit (events.js:189:13)
       at addChunk (_stream_readable.js:284:12)
       --------------------
       at Protocol._enqueue (F:\Escritorio\proyectoFinCicloDAW-RamirezJimenezAlejandro\aplicacion\mysql-nodejs-rest-api-master\node_modules\mysql\lib\protocol\Protocol.js:144:48)
       at Connection.query (F:\Escritorio\proyectoFinCicloDAW-RamirezJimenezAlejandro\aplicacion\mysql-nodejs-rest-api-master\node_modules\mysql\lib\Connection.js:201:25)
       at QueryController.ejecutaConsulta (F:\Escritorio\proyectoFinCicloDAW-RamirezJimenezAlejandro\aplicacion\mysql-nodejs-rest-api-master\src\controllers\queryController.js:24:25)
       at router.post (F:\Escritorio\proyectoFinCicloDAW-RamirezJimenezAlejandro\aplicacion\mysql-nodejs-rest-api-master\src\routes\usuarios.js:53:18)
       at Layer.handle [as handle_request] (F:\Escritorio\proyectoFinCicloDAW-RamirezJimenezAlejandro\aplicacion\mysql-nodejs-rest-api-master\node_modules\express\lib\router\layer.js:95:5)
       at next (F:\Escritorio\proyectoFinCicloDAW-RamirezJimenezAlejandro\aplicacion\mysql-nodejs-rest-api-master\node_modules\express\lib\router\route.js:137:13)
       at Object.<anonymous> (F:\Escritorio\proyectoFinCicloDAW-RamirezJimenezAlejandro\aplicacion\mysql-nodejs-rest-api-master\node_modules\express-validator\src\middlewares\check.js:23:13)
       at Generator.next (<anonymous>)
       at fulfilled (F:\Escritorio\proyectoFinCicloDAW-RamirezJimenezAlejandro\aplicacion\mysql-nodejs-rest-api-master\node_modules\express-validator\src\middlewares\check.js:4:58)
       at process._tickCallback (internal/process/next_tick.js:68:7)
     code: 'ER_DUP_ENTRY',
     errno: 1062,
     sqlMessage:
      'Duplicate entry \'usuarioprueba@gmail.com\' for key \'email\'',
     sqlState: '23000',
     index: 0,
     sql:
      'INSERT INTO users (name,email,password,confirmado) VALUES(\'usuarioPrueba\',\'usuarioprueba@gmail.com\',\'47d510d858c618de3e49a889680317e698d2dd1881ce5867f364484610562808\',\'nlb4y01rllrh1awej8kbg\')' },
  Componente: 'Query Controller',
  timestamp: '2019-09-21T16:43:14.112Z' }
{ level: 'error',
  message:
   { Error: ER_DUP_ENTRY: Duplicate entry 'usuarioprueba@gmail.com' for key 'email'
       at Query.Sequence._packetToError (F:\Escritorio\proyectoFinCicloDAW-RamirezJimenezAlejandro\aplicacion\mysql-nodejs-rest-api-master\node_modules\mysql\lib\protocol\sequences\Sequence.js:47:14)
       at Query.ErrorPacket (F:\Escritorio\proyectoFinCicloDAW-RamirezJimenezAlejandro\aplicacion\mysql-nodejs-rest-api-master\node_modules\mysql\lib\protocol\sequences\Query.js:77:18)
       at Protocol._parsePacket (F:\Escritorio\proyectoFinCicloDAW-RamirezJimenezAlejandro\aplicacion\mysql-nodejs-rest-api-master\node_modules\mysql\lib\protocol\Protocol.js:291:23)
       at Parser._parsePacket (F:\Escritorio\proyectoFinCicloDAW-RamirezJimenezAlejandro\aplicacion\mysql-nodejs-rest-api-master\node_modules\mysql\lib\protocol\Parser.js:433:10)
       at Parser.write (F:\Escritorio\proyectoFinCicloDAW-RamirezJimenezAlejandro\aplicacion\mysql-nodejs-rest-api-master\node_modules\mysql\lib\protocol\Parser.js:43:10)
       at Protocol.write (F:\Escritorio\proyectoFinCicloDAW-RamirezJimenezAlejandro\aplicacion\mysql-nodejs-rest-api-master\node_modules\mysql\lib\protocol\Protocol.js:38:16)
       at Socket.<anonymous> (F:\Escritorio\proyectoFinCicloDAW-RamirezJimenezAlejandro\aplicacion\mysql-nodejs-rest-api-master\node_modules\mysql\lib\Connection.js:91:28)
       at Socket.<anonymous> (F:\Escritorio\proyectoFinCicloDAW-RamirezJimenezAlejandro\aplicacion\mysql-nodejs-rest-api-master\node_modules\mysql\lib\Connection.js:525:10)
       at Socket.emit (events.js:189:13)
       at addChunk (_stream_readable.js:284:12)
       --------------------
       at Protocol._enqueue (F:\Escritorio\proyectoFinCicloDAW-RamirezJimenezAlejandro\aplicacion\mysql-nodejs-rest-api-master\node_modules\mysql\lib\protocol\Protocol.js:144:48)
       at Connection.query (F:\Escritorio\proyectoFinCicloDAW-RamirezJimenezAlejandro\aplicacion\mysql-nodejs-rest-api-master\node_modules\mysql\lib\Connection.js:201:25)
       at QueryController.ejecutaConsulta (F:\Escritorio\proyectoFinCicloDAW-RamirezJimenezAlejandro\aplicacion\mysql-nodejs-rest-api-master\src\controllers\queryController.js:24:25)
       at router.post (F:\Escritorio\proyectoFinCicloDAW-RamirezJimenezAlejandro\aplicacion\mysql-nodejs-rest-api-master\src\routes\usuarios.js:54:18)
       at Layer.handle [as handle_request] (F:\Escritorio\proyectoFinCicloDAW-RamirezJimenezAlejandro\aplicacion\mysql-nodejs-rest-api-master\node_modules\express\lib\router\layer.js:95:5)
       at next (F:\Escritorio\proyectoFinCicloDAW-RamirezJimenezAlejandro\aplicacion\mysql-nodejs-rest-api-master\node_modules\express\lib\router\route.js:137:13)
       at Object.<anonymous> (F:\Escritorio\proyectoFinCicloDAW-RamirezJimenezAlejandro\aplicacion\mysql-nodejs-rest-api-master\node_modules\express-validator\src\middlewares\check.js:23:13)
       at Generator.next (<anonymous>)
       at fulfilled (F:\Escritorio\proyectoFinCicloDAW-RamirezJimenezAlejandro\aplicacion\mysql-nodejs-rest-api-master\node_modules\express-validator\src\middlewares\check.js:4:58)
       at process._tickCallback (internal/process/next_tick.js:68:7)
     code: 'ER_DUP_ENTRY',
     errno: 1062,
     sqlMessage:
      'Duplicate entry \'usuarioprueba@gmail.com\' for key \'email\'',
     sqlState: '23000',
     index: 0,
     sql:
      'INSERT INTO users (name,email,password,confirmado) VALUES(\'usuarioPrueba\',\'usuarioprueba@gmail.com\',\'47d510d858c618de3e49a889680317e698d2dd1881ce5867f364484610562808\',\'enke8mhyybja3f2ots0yfb\')' },
  Componente: 'Query Controller',
  timestamp: '2019-09-21T16:43:33.630Z' }
{ level: 'error',
  message:
   { Error: ER_BAD_FIELD_ERROR: Unknown column 'confirmacion' in 'where clause'
       at Query.Sequence._packetToError (F:\Escritorio\proyectoFinCicloDAW-RamirezJimenezAlejandro\aplicacion\mysql-nodejs-rest-api-master\node_modules\mysql\lib\protocol\sequences\Sequence.js:47:14)
       at Query.ErrorPacket (F:\Escritorio\proyectoFinCicloDAW-RamirezJimenezAlejandro\aplicacion\mysql-nodejs-rest-api-master\node_modules\mysql\lib\protocol\sequences\Query.js:77:18)
       at Protocol._parsePacket (F:\Escritorio\proyectoFinCicloDAW-RamirezJimenezAlejandro\aplicacion\mysql-nodejs-rest-api-master\node_modules\mysql\lib\protocol\Protocol.js:291:23)
       at Parser._parsePacket (F:\Escritorio\proyectoFinCicloDAW-RamirezJimenezAlejandro\aplicacion\mysql-nodejs-rest-api-master\node_modules\mysql\lib\protocol\Parser.js:433:10)
       at Parser.write (F:\Escritorio\proyectoFinCicloDAW-RamirezJimenezAlejandro\aplicacion\mysql-nodejs-rest-api-master\node_modules\mysql\lib\protocol\Parser.js:43:10)
       at Protocol.write (F:\Escritorio\proyectoFinCicloDAW-RamirezJimenezAlejandro\aplicacion\mysql-nodejs-rest-api-master\node_modules\mysql\lib\protocol\Protocol.js:38:16)
       at Socket.<anonymous> (F:\Escritorio\proyectoFinCicloDAW-RamirezJimenezAlejandro\aplicacion\mysql-nodejs-rest-api-master\node_modules\mysql\lib\Connection.js:91:28)
       at Socket.<anonymous> (F:\Escritorio\proyectoFinCicloDAW-RamirezJimenezAlejandro\aplicacion\mysql-nodejs-rest-api-master\node_modules\mysql\lib\Connection.js:525:10)
       at Socket.emit (events.js:189:13)
       at addChunk (_stream_readable.js:284:12)
       --------------------
       at Protocol._enqueue (F:\Escritorio\proyectoFinCicloDAW-RamirezJimenezAlejandro\aplicacion\mysql-nodejs-rest-api-master\node_modules\mysql\lib\protocol\Protocol.js:144:48)
       at Connection.query (F:\Escritorio\proyectoFinCicloDAW-RamirezJimenezAlejandro\aplicacion\mysql-nodejs-rest-api-master\node_modules\mysql\lib\Connection.js:201:25)
       at QueryController.ejecutaConsulta (F:\Escritorio\proyectoFinCicloDAW-RamirezJimenezAlejandro\aplicacion\mysql-nodejs-rest-api-master\src\controllers\queryController.js:24:25)
       at router.post (F:\Escritorio\proyectoFinCicloDAW-RamirezJimenezAlejandro\aplicacion\mysql-nodejs-rest-api-master\src\routes\usuarios.js:86:16)
       at Layer.handle [as handle_request] (F:\Escritorio\proyectoFinCicloDAW-RamirezJimenezAlejandro\aplicacion\mysql-nodejs-rest-api-master\node_modules\express\lib\router\layer.js:95:5)
       at next (F:\Escritorio\proyectoFinCicloDAW-RamirezJimenezAlejandro\aplicacion\mysql-nodejs-rest-api-master\node_modules\express\lib\router\route.js:137:13)
       at Route.dispatch (F:\Escritorio\proyectoFinCicloDAW-RamirezJimenezAlejandro\aplicacion\mysql-nodejs-rest-api-master\node_modules\express\lib\router\route.js:112:3)
       at Layer.handle [as handle_request] (F:\Escritorio\proyectoFinCicloDAW-RamirezJimenezAlejandro\aplicacion\mysql-nodejs-rest-api-master\node_modules\express\lib\router\layer.js:95:5)
       at F:\Escritorio\proyectoFinCicloDAW-RamirezJimenezAlejandro\aplicacion\mysql-nodejs-rest-api-master\node_modules\express\lib\router\index.js:281:22
       at Function.process_params (F:\Escritorio\proyectoFinCicloDAW-RamirezJimenezAlejandro\aplicacion\mysql-nodejs-rest-api-master\node_modules\express\lib\router\index.js:335:12)
     code: 'ER_BAD_FIELD_ERROR',
     errno: 1054,
     sqlMessage: 'Unknown column \'confirmacion\' in \'where clause\'',
     sqlState: '42S22',
     index: 0,
     sql:
      'SELECT id,name,email,avatar from users where confirmado = `confirmacion` = \'s\'' },
  Componente: 'Query Controller',
  timestamp: '2019-09-21T16:48:40.765Z' }
{ level: 'error',
  message:
   { Error: ER_BAD_FIELD_ERROR: Unknown column 'confirmacion' in 'where clause'
       at Query.Sequence._packetToError (F:\Escritorio\proyectoFinCicloDAW-RamirezJimenezAlejandro\aplicacion\mysql-nodejs-rest-api-master\node_modules\mysql\lib\protocol\sequences\Sequence.js:47:14)
       at Query.ErrorPacket (F:\Escritorio\proyectoFinCicloDAW-RamirezJimenezAlejandro\aplicacion\mysql-nodejs-rest-api-master\node_modules\mysql\lib\protocol\sequences\Query.js:77:18)
       at Protocol._parsePacket (F:\Escritorio\proyectoFinCicloDAW-RamirezJimenezAlejandro\aplicacion\mysql-nodejs-rest-api-master\node_modules\mysql\lib\protocol\Protocol.js:291:23)
       at Parser._parsePacket (F:\Escritorio\proyectoFinCicloDAW-RamirezJimenezAlejandro\aplicacion\mysql-nodejs-rest-api-master\node_modules\mysql\lib\protocol\Parser.js:433:10)
       at Parser.write (F:\Escritorio\proyectoFinCicloDAW-RamirezJimenezAlejandro\aplicacion\mysql-nodejs-rest-api-master\node_modules\mysql\lib\protocol\Parser.js:43:10)
       at Protocol.write (F:\Escritorio\proyectoFinCicloDAW-RamirezJimenezAlejandro\aplicacion\mysql-nodejs-rest-api-master\node_modules\mysql\lib\protocol\Protocol.js:38:16)
       at Socket.<anonymous> (F:\Escritorio\proyectoFinCicloDAW-RamirezJimenezAlejandro\aplicacion\mysql-nodejs-rest-api-master\node_modules\mysql\lib\Connection.js:91:28)
       at Socket.<anonymous> (F:\Escritorio\proyectoFinCicloDAW-RamirezJimenezAlejandro\aplicacion\mysql-nodejs-rest-api-master\node_modules\mysql\lib\Connection.js:525:10)
       at Socket.emit (events.js:189:13)
       at addChunk (_stream_readable.js:284:12)
       --------------------
       at Protocol._enqueue (F:\Escritorio\proyectoFinCicloDAW-RamirezJimenezAlejandro\aplicacion\mysql-nodejs-rest-api-master\node_modules\mysql\lib\protocol\Protocol.js:144:48)
       at Connection.query (F:\Escritorio\proyectoFinCicloDAW-RamirezJimenezAlejandro\aplicacion\mysql-nodejs-rest-api-master\node_modules\mysql\lib\Connection.js:201:25)
       at QueryController.ejecutaConsulta (F:\Escritorio\proyectoFinCicloDAW-RamirezJimenezAlejandro\aplicacion\mysql-nodejs-rest-api-master\src\controllers\queryController.js:24:25)
       at router.post (F:\Escritorio\proyectoFinCicloDAW-RamirezJimenezAlejandro\aplicacion\mysql-nodejs-rest-api-master\src\routes\usuarios.js:87:16)
       at Layer.handle [as handle_request] (F:\Escritorio\proyectoFinCicloDAW-RamirezJimenezAlejandro\aplicacion\mysql-nodejs-rest-api-master\node_modules\express\lib\router\layer.js:95:5)
       at next (F:\Escritorio\proyectoFinCicloDAW-RamirezJimenezAlejandro\aplicacion\mysql-nodejs-rest-api-master\node_modules\express\lib\router\route.js:137:13)
       at Route.dispatch (F:\Escritorio\proyectoFinCicloDAW-RamirezJimenezAlejandro\aplicacion\mysql-nodejs-rest-api-master\node_modules\express\lib\router\route.js:112:3)
       at Layer.handle [as handle_request] (F:\Escritorio\proyectoFinCicloDAW-RamirezJimenezAlejandro\aplicacion\mysql-nodejs-rest-api-master\node_modules\express\lib\router\layer.js:95:5)
       at F:\Escritorio\proyectoFinCicloDAW-RamirezJimenezAlejandro\aplicacion\mysql-nodejs-rest-api-master\node_modules\express\lib\router\index.js:281:22
       at Function.process_params (F:\Escritorio\proyectoFinCicloDAW-RamirezJimenezAlejandro\aplicacion\mysql-nodejs-rest-api-master\node_modules\express\lib\router\index.js:335:12)
     code: 'ER_BAD_FIELD_ERROR',
     errno: 1054,
     sqlMessage: 'Unknown column \'confirmacion\' in \'where clause\'',
     sqlState: '42S22',
     index: 0,
     sql:
      'SELECT id,name,email,avatar from users where confirmado = `confirmacion` = \'s\'' },
  Componente: 'Query Controller',
  timestamp: '2019-09-21T16:49:21.842Z' }
{ level: 'error',
  message:
   { Error: connect ECONNREFUSED 127.0.0.1:3306
       at TCPConnectWrap.afterConnect [as oncomplete] (net.js:1097:14)
       --------------------
       at Protocol._enqueue (F:\Escritorio\proyectoFinCicloDAW-RamirezJimenezAlejandro\aplicacion\mysql-nodejs-rest-api-master\node_modules\mysql\lib\protocol\Protocol.js:144:48)
       at Protocol.handshake (F:\Escritorio\proyectoFinCicloDAW-RamirezJimenezAlejandro\aplicacion\mysql-nodejs-rest-api-master\node_modules\mysql\lib\protocol\Protocol.js:51:23)
       at Connection.connect (F:\Escritorio\proyectoFinCicloDAW-RamirezJimenezAlejandro\aplicacion\mysql-nodejs-rest-api-master\node_modules\mysql\lib\Connection.js:119:18)
       at Object.<anonymous> (F:\Escritorio\proyectoFinCicloDAW-RamirezJimenezAlejandro\aplicacion\mysql-nodejs-rest-api-master\src\database.js:11:17)
       at Module._compile (internal/modules/cjs/loader.js:701:30)
       at Object.Module._extensions..js (internal/modules/cjs/loader.js:712:10)
       at Module.load (internal/modules/cjs/loader.js:600:32)
       at tryModuleLoad (internal/modules/cjs/loader.js:539:12)
       at Function.Module._load (internal/modules/cjs/loader.js:531:3)
       at Module.require (internal/modules/cjs/loader.js:637:17)
     errno: 'ECONNREFUSED',
     code: 'ECONNREFUSED',
     syscall: 'connect',
     address: '127.0.0.1',
     port: 3306,
     fatal: true },
  Componente: 'Query Controller',
  timestamp: '2019-09-28T13:00:14.407Z' }
{ level: 'error',
  message:
   { Error: Cannot enqueue Query after fatal error.
       at Protocol._validateEnqueue (F:\Escritorio\proyectoFinCicloDAW-RamirezJimenezAlejandro\aplicacion\mysql-nodejs-rest-api-master\node_modules\mysql\lib\protocol\Protocol.js:212:16)
       at Protocol._enqueue (F:\Escritorio\proyectoFinCicloDAW-RamirezJimenezAlejandro\aplicacion\mysql-nodejs-rest-api-master\node_modules\mysql\lib\protocol\Protocol.js:138:13)
       at Connection.query (F:\Escritorio\proyectoFinCicloDAW-RamirezJimenezAlejandro\aplicacion\mysql-nodejs-rest-api-master\node_modules\mysql\lib\Connection.js:201:25)
       at QueryController.ejecutaConsulta (F:\Escritorio\proyectoFinCicloDAW-RamirezJimenezAlejandro\aplicacion\mysql-nodejs-rest-api-master\src\controllers\queryController.js:24:25)
       at router.get (F:\Escritorio\proyectoFinCicloDAW-RamirezJimenezAlejandro\aplicacion\mysql-nodejs-rest-api-master\src\routes\usuarios.js:295:16)
       at Layer.handle [as handle_request] (F:\Escritorio\proyectoFinCicloDAW-RamirezJimenezAlejandro\aplicacion\mysql-nodejs-rest-api-master\node_modules\express\lib\router\layer.js:95:5)
       at next (F:\Escritorio\proyectoFinCicloDAW-RamirezJimenezAlejandro\aplicacion\mysql-nodejs-rest-api-master\node_modules\express\lib\router\route.js:137:13)
       at Route.dispatch (F:\Escritorio\proyectoFinCicloDAW-RamirezJimenezAlejandro\aplicacion\mysql-nodejs-rest-api-master\node_modules\express\lib\router\route.js:112:3)
       at Layer.handle [as handle_request] (F:\Escritorio\proyectoFinCicloDAW-RamirezJimenezAlejandro\aplicacion\mysql-nodejs-rest-api-master\node_modules\express\lib\router\layer.js:95:5)
       at F:\Escritorio\proyectoFinCicloDAW-RamirezJimenezAlejandro\aplicacion\mysql-nodejs-rest-api-master\node_modules\express\lib\router\index.js:281:22 code: 'PROTOCOL_ENQUEUE_AFTER_FATAL_ERROR', fatal: false },
  Componente: 'Query Controller',
  timestamp: '2019-09-28T13:00:18.080Z' }
