{ level: 'error',
  message:
   { Error: ER_EMPTY_QUERY: Query was empty
       at Query.Sequence._packetToError (F:\Escritorio\proyectoFinCicloDAW-RamirezJimenezAlejandro\aplicacion\mysql-nodejs-rest-api-master\node_modules\mysql\lib\protocol\sequences\Sequence.js:47:14)
       at Query.ErrorPacket (F:\Escritorio\proyectoFinCicloDAW-RamirezJimenezAlejandro\aplicacion\mysql-nodejs-rest-api-master\node_modules\mysql\lib\protocol\sequences\Query.js:77:18)
       at Protocol._parsePacket (F:\Escritorio\proyectoFinCicloDAW-RamirezJimenezAlejandro\aplicacion\mysql-nodejs-rest-api-master\node_modules\mysql\lib\protocol\Protocol.js:291:23)
       at Parser._parsePacket (F:\Escritorio\proyectoFinCicloDAW-RamirezJimenezAlejandro\aplicacion\mysql-nodejs-rest-api-master\node_modules\mysql\lib\protocol\Parser.js:433:10)
       at Parser.write (F:\Escritorio\proyectoFinCicloDAW-RamirezJimenezAlejandro\aplicacion\mysql-nodejs-rest-api-master\node_modules\mysql\lib\protocol\Parser.js:43:10)
       at Protocol.write (F:\Escritorio\proyectoFinCicloDAW-RamirezJimenezAlejandro\aplicacion\mysql-nodejs-rest-api-master\node_modules\mysql\lib\protocol\Protocol.js:38:16)
       at Socket.<anonymous> (F:\Escritorio\proyectoFinCicloDAW-RamirezJimenezAlejandro\aplicacion\mysql-nodejs-rest-api-master\node_modules\mysql\lib\Connection.js:91:28)
       at Socket.<anonymous> (F:\Escritorio\proyectoFinCicloDAW-RamirezJimenezAlejandro\aplicacion\mysql-nodejs-rest-api-master\node_modules\mysql\lib\Connection.js:525:10)
       at Socket.emit (events.js:189:13)
       at addChunk (_stream_readable.js:284:12)
       --------------------
       at Protocol._enqueue (F:\Escritorio\proyectoFinCicloDAW-RamirezJimenezAlejandro\aplicacion\mysql-nodejs-rest-api-master\node_modules\mysql\lib\protocol\Protocol.js:144:48)
       at Connection.query (F:\Escritorio\proyectoFinCicloDAW-RamirezJimenezAlejandro\aplicacion\mysql-nodejs-rest-api-master\node_modules\mysql\lib\Connection.js:201:25)
       at QueryController.ejecutaConsulta (F:\Escritorio\proyectoFinCicloDAW-RamirezJimenezAlejandro\aplicacion\mysql-nodejs-rest-api-master\src\controllers\queryController.js:24:25)
       at router.get (F:\Escritorio\proyectoFinCicloDAW-RamirezJimenezAlejandro\aplicacion\mysql-nodejs-rest-api-master\src\routes\usuarios.js:126:18)
       at Layer.handle [as handle_request] (F:\Escritorio\proyectoFinCicloDAW-RamirezJimenezAlejandro\aplicacion\mysql-nodejs-rest-api-master\node_modules\express\lib\router\layer.js:95:5)
       at next (F:\Escritorio\proyectoFinCicloDAW-RamirezJimenezAlejandro\aplicacion\mysql-nodejs-rest-api-master\node_modules\express\lib\router\route.js:137:13)
       at Route.dispatch (F:\Escritorio\proyectoFinCicloDAW-RamirezJimenezAlejandro\aplicacion\mysql-nodejs-rest-api-master\node_modules\express\lib\router\route.js:112:3)
       at Layer.handle [as handle_request] (F:\Escritorio\proyectoFinCicloDAW-RamirezJimenezAlejandro\aplicacion\mysql-nodejs-rest-api-master\node_modules\express\lib\router\layer.js:95:5)
       at F:\Escritorio\proyectoFinCicloDAW-RamirezJimenezAlejandro\aplicacion\mysql-nodejs-rest-api-master\node_modules\express\lib\router\index.js:281:22
       at Function.process_params (F:\Escritorio\proyectoFinCicloDAW-RamirezJimenezAlejandro\aplicacion\mysql-nodejs-rest-api-master\node_modules\express\lib\router\index.js:335:12)
     code: 'ER_EMPTY_QUERY',
     errno: 1065,
     sqlMessage: 'Query was empty',
     sqlState: '42000',
     index: 0,
     sql: undefined },
  Componente: 'Query Controller',
  timestamp: '2019-09-19T18:23:58.108Z' }
{ level: 'error',
  message:
   { Error: ER_EMPTY_QUERY: Query was empty
       at Query.Sequence._packetToError (F:\Escritorio\proyectoFinCicloDAW-RamirezJimenezAlejandro\aplicacion\mysql-nodejs-rest-api-master\node_modules\mysql\lib\protocol\sequences\Sequence.js:47:14)
       at Query.ErrorPacket (F:\Escritorio\proyectoFinCicloDAW-RamirezJimenezAlejandro\aplicacion\mysql-nodejs-rest-api-master\node_modules\mysql\lib\protocol\sequences\Query.js:77:18)
       at Protocol._parsePacket (F:\Escritorio\proyectoFinCicloDAW-RamirezJimenezAlejandro\aplicacion\mysql-nodejs-rest-api-master\node_modules\mysql\lib\protocol\Protocol.js:291:23)
       at Parser._parsePacket (F:\Escritorio\proyectoFinCicloDAW-RamirezJimenezAlejandro\aplicacion\mysql-nodejs-rest-api-master\node_modules\mysql\lib\protocol\Parser.js:433:10)
       at Parser.write (F:\Escritorio\proyectoFinCicloDAW-RamirezJimenezAlejandro\aplicacion\mysql-nodejs-rest-api-master\node_modules\mysql\lib\protocol\Parser.js:43:10)
       at Protocol.write (F:\Escritorio\proyectoFinCicloDAW-RamirezJimenezAlejandro\aplicacion\mysql-nodejs-rest-api-master\node_modules\mysql\lib\protocol\Protocol.js:38:16)
       at Socket.<anonymous> (F:\Escritorio\proyectoFinCicloDAW-RamirezJimenezAlejandro\aplicacion\mysql-nodejs-rest-api-master\node_modules\mysql\lib\Connection.js:91:28)
       at Socket.<anonymous> (F:\Escritorio\proyectoFinCicloDAW-RamirezJimenezAlejandro\aplicacion\mysql-nodejs-rest-api-master\node_modules\mysql\lib\Connection.js:525:10)
       at Socket.emit (events.js:189:13)
       at addChunk (_stream_readable.js:284:12)
       --------------------
       at Protocol._enqueue (F:\Escritorio\proyectoFinCicloDAW-RamirezJimenezAlejandro\aplicacion\mysql-nodejs-rest-api-master\node_modules\mysql\lib\protocol\Protocol.js:144:48)
       at Connection.query (F:\Escritorio\proyectoFinCicloDAW-RamirezJimenezAlejandro\aplicacion\mysql-nodejs-rest-api-master\node_modules\mysql\lib\Connection.js:201:25)
       at QueryController.ejecutaConsulta (F:\Escritorio\proyectoFinCicloDAW-RamirezJimenezAlejandro\aplicacion\mysql-nodejs-rest-api-master\src\controllers\queryController.js:24:25)
       at router.get (F:\Escritorio\proyectoFinCicloDAW-RamirezJimenezAlejandro\aplicacion\mysql-nodejs-rest-api-master\src\routes\usuarios.js:126:18)
       at Layer.handle [as handle_request] (F:\Escritorio\proyectoFinCicloDAW-RamirezJimenezAlejandro\aplicacion\mysql-nodejs-rest-api-master\node_modules\express\lib\router\layer.js:95:5)
       at next (F:\Escritorio\proyectoFinCicloDAW-RamirezJimenezAlejandro\aplicacion\mysql-nodejs-rest-api-master\node_modules\express\lib\router\route.js:137:13)
       at Route.dispatch (F:\Escritorio\proyectoFinCicloDAW-RamirezJimenezAlejandro\aplicacion\mysql-nodejs-rest-api-master\node_modules\express\lib\router\route.js:112:3)
       at Layer.handle [as handle_request] (F:\Escritorio\proyectoFinCicloDAW-RamirezJimenezAlejandro\aplicacion\mysql-nodejs-rest-api-master\node_modules\express\lib\router\layer.js:95:5)
       at F:\Escritorio\proyectoFinCicloDAW-RamirezJimenezAlejandro\aplicacion\mysql-nodejs-rest-api-master\node_modules\express\lib\router\index.js:281:22
       at Function.process_params (F:\Escritorio\proyectoFinCicloDAW-RamirezJimenezAlejandro\aplicacion\mysql-nodejs-rest-api-master\node_modules\express\lib\router\index.js:335:12)
     code: 'ER_EMPTY_QUERY',
     errno: 1065,
     sqlMessage: 'Query was empty',
     sqlState: '42000',
     index: 0,
     sql: undefined },
  Componente: 'Query Controller',
  timestamp: '2019-09-19T18:27:16.090Z' }
